c:\users\gautam jha\videos\createdatabase\createdatabase\x64\debug\sensordata.obj
c:\users\gautam jha\videos\createdatabase\createdatabase\x64\debug\qrc_createdatabase.obj
c:\users\gautam jha\videos\createdatabase\createdatabase\x64\debug\moc_createdatabase.obj
c:\users\gautam jha\videos\createdatabase\createdatabase\x64\debug\createdatabase.obj
c:\users\gautam jha\videos\createdatabase\createdatabase\x64\debug\uic\ui_createdatabase.h
c:\users\gautam jha\videos\createdatabase\createdatabase\x64\debug\rcc\qrc_createdatabase.cpp
c:\users\gautam jha\videos\createdatabase\createdatabase\x64\debug\moc\moc_createdatabase.cpp
c:\users\gautam jha\videos\createdatabase\createdatabase\music\createdatabase\createdatabase\createdatabase\moc_sensordata.cpp
c:\users\gautam jha\videos\createdatabase\createdatabase\x64\debug\\moc\moc_createdatabase.cpp
c:\users\gautam jha\videos\createdatabase\createdatabase\x64\debug\\moc\..\..\..\music\createdatabase\createdatabase\createdatabase\moc_sensordata.cpp
c:\users\gautam jha\videos\createdatabase\createdatabase\x64\debug\\rcc\qrc_createdatabase.cpp
c:\users\gautam jha\videos\createdatabase\createdatabase\x64\debug\\uic\ui_createdatabase.h
c:\users\gautam jha\videos\createdatabase\createdatabase\x64\debug\vc142.pdb
c:\users\gautam jha\videos\createdatabase\createdatabase\x64\debug\createdatabase.tlog\cl.1496.write.1.tlog
c:\users\gautam jha\videos\createdatabase\createdatabase\x64\debug\createdatabase.tlog\cl.command.1.tlog
c:\users\gautam jha\videos\createdatabase\createdatabase\x64\debug\createdatabase.tlog\cl.read.1.tlog
c:\users\gautam jha\videos\createdatabase\createdatabase\x64\debug\createdatabase.tlog\createdatabase.write.1u.tlog
c:\users\gautam jha\videos\createdatabase\createdatabase\x64\debug\createdatabase.tlog\moc.read.1u.tlog
c:\users\gautam jha\videos\createdatabase\createdatabase\x64\debug\createdatabase.tlog\moc.write.1u.tlog
c:\users\gautam jha\videos\createdatabase\createdatabase\x64\debug\createdatabase.tlog\rcc.read.1u.tlog
c:\users\gautam jha\videos\createdatabase\createdatabase\x64\debug\createdatabase.tlog\rcc.write.1u.tlog
c:\users\gautam jha\videos\createdatabase\createdatabase\x64\debug\createdatabase.tlog\uic.read.1u.tlog
c:\users\gautam jha\videos\createdatabase\createdatabase\x64\debug\createdatabase.tlog\uic.write.1u.tlog
